<?xml version="1.0" encoding="UTF-8"?>
<testsuite xmlns:xsi="http://www.w3.org/2001/XMLSchema-instance" xsi:noNamespaceSchemaLocation="https://maven.apache.org/surefire/maven-surefire-plugin/xsd/surefire-test-report-3.0.xsd" version="3.0" name="com.reserve.ReserveApplicationTests" time="7.586" tests="1" errors="0" skipped="0" failures="0">
  <properties>
[...]
</properties>
  <testcase name="contextLoads" classname="com.reserve.ReserveApplicationTests" time="0.717">
    <system-out><![CDATA[16:01:28.505 [main] INFO org.springframework.test.context.support.AnnotationConfigContextLoaderUtils -- Could not detect default configuration classes for test class [com.reserve.ReserveApplicationTests]: ReserveApplicationTests does not declare any static, non-private, non-final, nested classes annotated with @Configuration.
16:01:28.604 [main] INFO org.springframework.boot.test.context.SpringBootTestContextBootstrapper -- Found @SpringBootConfiguration com.reserve.ReserveApplication for test class com.reserve.ReserveApplicationTests

  .   ____          _            __ _ _
 /\\ / ___'_ __ _ _(_)_ __  __ _ \ \ \ \
( ( )\___ | '_ | '_| | '_ \/ _` | \ \ \ \
 \\/  ___)| |_)| | | | | || (_| |  ) ) ) )
  '  |____| .__|_| |_|_| |_\__, | / / / /
 =========|_|==============|___/=/_/_/_/
 :: Spring Boot ::                (v3.1.0)

2025-12-24T16:01:29.346+03:30  INFO 12472 --- [           main] com.reserve.ReserveApplicationTests      : Starting ReserveApplicationTests using Java 17.0.9 with PID 12472 (started by behdadGroup in E:\Reservation\Reserve)
2025-12-24T16:01:29.348+03:30  INFO 12472 --- [           main] com.reserve.ReserveApplicationTests      : The following 1 profile is active: "operation"
2025-12-24T16:01:30.233+03:30  INFO 12472 --- [           main] .s.d.r.c.RepositoryConfigurationDelegate : Multiple Spring Data modules found, entering strict repository configuration mode
2025-12-24T16:01:30.235+03:30  INFO 12472 --- [           main] .s.d.r.c.RepositoryConfigurationDelegate : Bootstrapping Spring Data JPA repositories in DEFAULT mode.
2025-12-24T16:01:30.265+03:30  INFO 12472 --- [           main] .s.d.r.c.RepositoryConfigurationDelegate : Finished Spring Data repository scanning in 13 ms. Found 0 JPA repository interfaces.
2025-12-24T16:01:30.286+03:30  INFO 12472 --- [           main] .s.d.r.c.RepositoryConfigurationDelegate : Multiple Spring Data modules found, entering strict repository configuration mode
2025-12-24T16:01:30.288+03:30  INFO 12472 --- [           main] .s.d.r.c.RepositoryConfigurationDelegate : Bootstrapping Spring Data Redis repositories in DEFAULT mode.
2025-12-24T16:01:30.300+03:30  INFO 12472 --- [           main] .s.d.r.c.RepositoryConfigurationDelegate : Finished Spring Data repository scanning in 1 ms. Found 0 Redis repository interfaces.
2025-12-24T16:01:30.613+03:30  INFO 12472 --- [           main] o.s.cloud.context.scope.GenericScope     : BeanFactory id=b03ebeca-2199-3b38-bd18-bbb6eb5b3034
2025-12-24T16:01:31.043+03:30  INFO 12472 --- [           main] o.hibernate.jpa.internal.util.LogHelper  : HHH000204: Processing PersistenceUnitInfo [name: default]
2025-12-24T16:01:31.120+03:30  INFO 12472 --- [           main] org.hibernate.Version                    : HHH000412: Hibernate ORM core version 6.2.2.Final
2025-12-24T16:01:31.123+03:30  INFO 12472 --- [           main] org.hibernate.cfg.Environment            : HHH000406: Using bytecode reflection optimizer
2025-12-24T16:01:31.354+03:30  INFO 12472 --- [           main] o.h.b.i.BytecodeProviderInitiator        : HHH000021: Bytecode provider name : bytebuddy
2025-12-24T16:01:31.510+03:30  INFO 12472 --- [           main] o.s.o.j.p.SpringPersistenceUnitInfo      : No LoadTimeWeaver setup: ignoring JPA class transformer
2025-12-24T16:01:31.529+03:30  INFO 12472 --- [           main] com.zaxxer.hikari.HikariDataSource       : HikariPool-1 - Starting...
2025-12-24T16:01:32.439+03:30  INFO 12472 --- [           main] com.zaxxer.hikari.pool.HikariPool        : HikariPool-1 - Added connection org.postgresql.jdbc.PgConnection@12548f9a
2025-12-24T16:01:32.441+03:30  INFO 12472 --- [           main] com.zaxxer.hikari.HikariDataSource       : HikariPool-1 - Start completed.
2025-12-24T16:01:32.549+03:30  INFO 12472 --- [           main] org.hibernate.orm.dialect                : HHH035001: Using dialect: org.hibernate.dialect.PostgreSQLDialect, version: org.hibernate.engine.jdbc.env.internal.JdbcEnvironmentInitiator$DialectResolutionInfoImpl@41f7c02d
2025-12-24T16:01:32.794+03:30  INFO 12472 --- [           main] o.h.b.i.BytecodeProviderInitiator        : HHH000021: Bytecode provider name : bytebuddy
2025-12-24T16:01:33.012+03:30  INFO 12472 --- [           main] o.h.e.t.j.p.i.JtaPlatformInitiator       : HHH000490: Using JtaPlatform implementation: [org.hibernate.engine.transaction.jta.platform.internal.NoJtaPlatform]
2025-12-24T16:01:33.018+03:30  INFO 12472 --- [           main] j.LocalContainerEntityManagerFactoryBean : Initialized JPA EntityManagerFactory for persistence unit 'default'
2025-12-24T16:01:33.201+03:30  WARN 12472 --- [           main] JpaBaseConfiguration$JpaWebConfiguration : spring.jpa.open-in-view is enabled by default. Therefore, database queries may be performed during view rendering. Explicitly configure spring.jpa.open-in-view to disable this warning
2025-12-24T16:01:34.124+03:30  WARN 12472 --- [           main] .s.s.UserDetailsServiceAutoConfiguration : 

Using generated security password: e3fa92d2-8f70-45cb-b82e-df56543943e2

This generated password is for development use only. Your security configuration must be updated before running your application in production.

2025-12-24T16:01:34.257+03:30  INFO 12472 --- [           main] o.s.s.web.DefaultSecurityFilterChain     : Will secure any request with [org.springframework.security.web.session.DisableEncodeUrlFilter@f73a7cf, org.springframework.security.web.context.request.async.WebAsyncManagerIntegrationFilter@4198921f, org.springframework.security.web.context.SecurityContextHolderFilter@2a9f7572, org.springframework.security.web.header.HeaderWriterFilter@1e9a10e9, org.springframework.security.web.csrf.CsrfFilter@272f5373, org.springframework.security.web.authentication.logout.LogoutFilter@4645a575, org.springframework.security.web.authentication.UsernamePasswordAuthenticationFilter@23adbd6b, org.springframework.security.web.authentication.ui.DefaultLoginPageGeneratingFilter@61627c9d, org.springframework.security.web.authentication.ui.DefaultLogoutPageGeneratingFilter@44181746, org.springframework.security.web.authentication.www.BasicAuthenticationFilter@d6879bf, org.springframework.security.web.savedrequest.RequestCacheAwareFilter@2e60d4f4, org.springframework.security.web.servletapi.SecurityContextHolderAwareRequestFilter@68e62b3b, org.springframework.security.web.authentication.AnonymousAuthenticationFilter@21fa19e4, org.springframework.security.web.access.ExceptionTranslationFilter@5fafd099, org.springframework.security.web.access.intercept.AuthorizationFilter@2bf0bb93]
2025-12-24T16:01:34.479+03:30  INFO 12472 --- [           main] DiscoveryClientOptionalArgsConfiguration : Eureka HTTP Client uses RestTemplate.
2025-12-24T16:01:34.670+03:30  WARN 12472 --- [           main] iguration$LoadBalancerCaffeineWarnLogger : Spring Cloud LoadBalancer is currently working with the default cache. While this cache implementation is useful for development and tests, it's recommended to use Caffeine cache in production.You can switch to using Caffeine cache, by adding it and org.springframework.cache.caffeine.CaffeineCacheManager to the classpath.
2025-12-24T16:01:34.693+03:30  INFO 12472 --- [           main] o.s.c.n.eureka.InstanceInfoFactory       : Setting initial instance status as: STARTING
2025-12-24T16:01:34.742+03:30  INFO 12472 --- [           main] com.netflix.discovery.DiscoveryClient    : Initializing Eureka in region us-east-1
2025-12-24T16:01:34.747+03:30  INFO 12472 --- [           main] c.n.d.s.r.aws.ConfigClusterResolver      : Resolving eureka endpoints via configuration
2025-12-24T16:01:34.775+03:30  INFO 12472 --- [           main] com.netflix.discovery.DiscoveryClient    : Disable delta property : false
2025-12-24T16:01:34.775+03:30  INFO 12472 --- [           main] com.netflix.discovery.DiscoveryClient    : Single vip registry refresh property : null
2025-12-24T16:01:34.775+03:30  INFO 12472 --- [           main] com.netflix.discovery.DiscoveryClient    : Force full registry fetch : false
2025-12-24T16:01:34.775+03:30  INFO 12472 --- [           main] com.netflix.discovery.DiscoveryClient    : Application is null : false
2025-12-24T16:01:34.775+03:30  INFO 12472 --- [           main] com.netflix.discovery.DiscoveryClient    : Registered Applications size is zero : true
2025-12-24T16:01:34.776+03:30  INFO 12472 --- [           main] com.netflix.discovery.DiscoveryClient    : Application version is -1: true
2025-12-24T16:01:34.776+03:30  INFO 12472 --- [           main] com.netflix.discovery.DiscoveryClient    : Getting all instance registry info from the eureka server
2025-12-24T16:01:35.142+03:30  INFO 12472 --- [           main] com.netflix.discovery.DiscoveryClient    : The response status is 200
2025-12-24T16:01:35.145+03:30  INFO 12472 --- [           main] com.netflix.discovery.DiscoveryClient    : Starting heartbeat executor: renew interval is: 20
2025-12-24T16:01:35.149+03:30  INFO 12472 --- [           main] c.n.discovery.InstanceInfoReplicator     : InstanceInfoReplicator onDemand update allowed rate per min is 4
2025-12-24T16:01:35.154+03:30  INFO 12472 --- [           main] com.netflix.discovery.DiscoveryClient    : Discovery Client initialized at timestamp 1766579495153 with initial instances count: 2
2025-12-24T16:01:35.157+03:30  INFO 12472 --- [           main] o.s.c.n.e.s.EurekaServiceRegistry        : Registering application RESERVE with eureka with status UP
2025-12-24T16:01:35.158+03:30  INFO 12472 --- [           main] com.netflix.discovery.DiscoveryClient    : Saw local status change event StatusChangeEvent [timestamp=1766579495158, current=UP, previous=STARTING]
2025-12-24T16:01:35.160+03:30  INFO 12472 --- [nfoReplicator-0] com.netflix.discovery.DiscoveryClient    : DiscoveryClient_RESERVE/DESKTOP-2QCFK6J:Reserve:8040: registering service...
2025-12-24T16:01:35.173+03:30  INFO 12472 --- [           main] com.reserve.ReserveApplicationTests      : Started ReserveApplicationTests in 6.382 seconds (process running for 7.55)
2025-12-24T16:01:35.210+03:30  INFO 12472 --- [nfoReplicator-0] com.netflix.discovery.DiscoveryClient    : DiscoveryClient_RESERVE/DESKTOP-2QCFK6J:Reserve:8040 - registration status: 204
]]></system-out>
  </testcase>
</testsuite>